<?xml version="1.0" encoding="UTF-8"?>
<!-- Generated by org.testng.reporters.JUnitReportReporter -->
<testsuite skipped="0" hostname="DESKTOP-HK61P7O" name="com.restapi.restassured.tests.TC_001_GET_All_Employees" tests="4" failures="0" timestamp="2021-07-18T20:44:09 IST" time="0.047" errors="0">
  <testcase name="verifyResponseBody" time="0.042" classname="com.restapi.restassured.tests.TC_001_GET_All_Employees"/>
  <system-out/>
  <testcase name="verifyStatusCode" time="0.001" classname="com.restapi.restassured.tests.TC_001_GET_All_Employees"/>
  <system-out/>
  <testcase name="verifyStatusLine" time="0.002" classname="com.restapi.restassured.tests.TC_001_GET_All_Employees"/>
  <system-out/>
  <testcase name="verifyResponseTime" time="0.002" classname="com.restapi.restassured.tests.TC_001_GET_All_Employees"/>
  <system-out/>
</testsuite> <!-- com.restapi.restassured.tests.TC_001_GET_All_Employees -->
